[debug] [2025-12-31T13:37:49.099Z] ----------------------------------------------------------------------
[debug] [2025-12-31T13:37:49.111Z] Command:       C:\Program Files\nodejs\node.exe C:\Users\SINFORMATIQUE\AppData\Roaming\npm\node_modules\firebase-tools\lib\bin\firebase.js init hosting
[debug] [2025-12-31T13:37:49.112Z] CLI Version:   15.0.0
[debug] [2025-12-31T13:37:49.112Z] Platform:      win32
[debug] [2025-12-31T13:37:49.112Z] Node Version:  v24.11.1
[debug] [2025-12-31T13:37:49.113Z] Time:          Wed Dec 31 2025 13:37:49 GMT+0000 (heure moyenne de Greenwich)
[debug] [2025-12-31T13:37:49.113Z] ----------------------------------------------------------------------
[debug] 
[info] 
     ######## #### ########  ######## ########     ###     ######  ########
     ##        ##  ##     ## ##       ##     ##  ##   ##  ##       ##
     ######    ##  ########  ######   ########  #########  ######  ######
     ##        ##  ##    ##  ##       ##     ## ##     ##       ## ##
     ##       #### ##     ## ######## ########  ##     ##  ######  ########

You're about to initialize a Firebase project in this directory:

  C:\Users\SINFORMATIQUE\OneDrive - SIBM\Documents\Dev\kumajala-main

[info] 
=== Project Setup
[info] 
[info] First, let's associate this project directory with a Firebase project.
[info] You can create multiple project aliases by running firebase use --add, 
[info] 
[debug] [2025-12-31T13:38:22.690Z] > command requires scopes: ["email","openid","https://www.googleapis.com/auth/cloudplatformprojects.readonly","https://www.googleapis.com/auth/firebase","https://www.googleapis.com/auth/cloud-platform"]
[debug] [2025-12-31T13:38:22.692Z] > authorizing via signed-in user (frejuste.dev56@gmail.com)
[debug] [2025-12-31T13:38:22.696Z] Checked if tokens are valid: true, expires at: 1767190953121
[debug] [2025-12-31T13:38:22.696Z] Checked if tokens are valid: true, expires at: 1767190953121
[debug] [2025-12-31T13:38:22.699Z] >>> [apiv2][query] GET https://firebase.googleapis.com/v1beta1/projects pageSize=100
[debug] [2025-12-31T13:38:23.875Z] <<< [apiv2][status] GET https://firebase.googleapis.com/v1beta1/projects 200
[debug] [2025-12-31T13:38:23.875Z] <<< [apiv2][body] GET https://firebase.googleapis.com/v1beta1/projects [omitted]
[debug] [2025-12-31T13:38:29.766Z] ExitPromptError: User force closed the prompt with SIGINT
    at Interface.sigint (C:\Users\SINFORMATIQUE\AppData\Roaming\npm\node_modules\firebase-tools\node_modules\@inquirer\core\dist\commonjs\lib\create-prompt.js:101:37)
    at Interface.emit (node:events:508:28)
    at [_ttyWrite] [as _ttyWrite] (node:internal/readline/interface:1317:18)
    at ReadStream.onkeypress (node:internal/readline/interface:284:20)
    at ReadStream.emit (node:events:520:35)
    at emitKeys (node:internal/readline/utils:371:14)
    at emitKeys.next (<anonymous>)
    at ReadStream.onData (node:internal/readline/emitKeypressEvents:64:36)
    at ReadStream.emit (node:events:508:28)
    at addChunk (node:internal/streams/readable:559:12)
[error] 
[error] Error: An unexpected error has occurred.
